-------------------

Error occurred on Monday, August 17, 2020 at 18:14:27.

codeblocks.exe caused an Access Violation at location 0000000070C1E9BC in module codeblocks.dll Reading from location 0000000000000258.

AddrPC           Params
0000000070C1E9BC 0000000000000000 0000000070CCC578 0000000008BAECD0  codeblocks.dll!wxSCIListBoxWin::GetLB
0000000070BF0F6D 0000000000000000 0000000070CCC5C5 0000000008BAECD0  codeblocks.dll!GETLB
0000000070A9AF32 0000000008A7D9F0 0000000000000000 000000000000001E  codeblocks.dll!ListBoxImpl::Select
0000000070B8A8FB 0000000008BAEC60 0000000008BAE701 000000000081DBD0  codeblocks.dll!AutoComplete::Show
0000000070B7EB04 0000000008BAE440 0000000000000003 0000000008B9ED20  codeblocks.dll!ScintillaBase::AutoCompleteStart
0000000070B80F48 0000000008BAE440 0000000000000834 0000000000000003  codeblocks.dll!ScintillaBase::WndProc
0000000070A9F39F 0000000008BAE440 0000000000000834 0000000000000003  codeblocks.dll!ScintillaWX::WndProc
0000000070A8371C 00000000088D5A40 0000000000000834 0000000000000003  codeblocks.dll!wxScintilla::SendMsg
0000000070A85FE7 00000000088D5A40 0000000000000003 000000000081DED0  codeblocks.dll!wxScintilla::AutoCompShow
000000007098012B 0000000008104720 000000000081E220 000000000081E270  codeblocks.dll!CCManager::OnCompleteCode
0000000070C1A029 0000000008A486F0 000000000081E220 000000000081E330  codeblocks.dll!cbEventFunctor<CCManager, CodeBlocksEvent>::Call
0000000070A0A686 0000000002895210 000000000081E220 0000000000000000  codeblocks.dll!Manager::ProcessEvent
0000000070981A6F 0000000008104720 0000000008845CF0 000000000081EB10  codeblocks.dll!CCManager::OnEditorHook
0000000070CB660E 0000000008A48150 0000000008845CF0 000000000081EB10  codeblocks.dll!EditorHooks::HookFunctor<CCManager>::Call
00000000709BE405 0000000008845CF0 000000000081EB10 00000000087C5010  codeblocks.dll!EditorHooks::CallHooks
00000000709601BB 0000000008845CF0 000000000081EB10 000000000DBD930C  codeblocks.dll!cbEditor::OnScintillaEvent
000000007095F069 0000000008845CF0 000000000081EB10 0000000000000000  codeblocks.dll!cbEditor::OnEditorCharAdded
000000006C103194 0005D60500003178 0000000070CEA5D8 000000000DE43370  wxmsw313u_gcc_cb.dll!wxAppConsoleBase::CallEventHandler
000000006C260372 0000000008AFF9E0 0000000000000000 000000006CDD3464  wxmsw313u_gcc_cb.dll!wxEvtHandler::ProcessEventIfMatchesId
000000006C260804 000000000DF4A2A8 000000006C1A1F23 0005008500000000  wxmsw313u_gcc_cb.dll!wxEvtHandler::SearchDynamicEventTable
000000006C260B72 000000006CDAA000 000000006D1530E0 000000006CDD3464  wxmsw313u_gcc_cb.dll!wxEvtHandler::TryHereOnly
000000006C260BFD 00000000088D5A40 000000000081EB10 000000000081EB70  wxmsw313u_gcc_cb.dll!wxEvtHandler::ProcessEventLocally
000000006C260CE1 000000000081EB60 000000316D1530E0 000000006CDAA000  wxmsw313u_gcc_cb.dll!wxEvtHandler::ProcessEvent
000000006C5A7D88 00000000088D5A40 00000000000028D8 0000000000000A6C  wxmsw313u_gcc_cb.dll!wxWindowBase::TryAfter
0000000070A90C79 00000000088D5A40 000000000081EC90 000000000081ECF8  codeblocks.dll!wxScintilla::NotifyParent
0000000070A9DE8D 0000000008BAE440 0000000070BFF7B8 000000000081ECF8  codeblocks.dll!ScintillaWX::NotifyParent
0000000070B4B7C2 0000000008BAE440 0000000000000074 000000000CA00101  codeblocks.dll!Editor::NotifyChar
0000000070B494E6 0000000008BAE440 000000000CA001F0 0000000000000001  codeblocks.dll!Editor::AddCharUTF
0000000070B7DA69 0000000008BAE440 000000000CA001F0 0000000000000001  codeblocks.dll!ScintillaBase::AddCharUTF
0000000070AA01F9 0000000008BAE440 0000000000000074 00000000088D5D00  codeblocks.dll!ScintillaWX::DoAddChar
0000000070A90271 00000000088D5A40 000000000081F1F0 000000000000002C  codeblocks.dll!wxScintilla::OnChar
000000006C103194 000000000081F010 0000000000030304 0061006600650064  wxmsw313u_gcc_cb.dll!wxAppConsoleBase::CallEventHandler
000000006C260372 0000000008AFFD10 00007FFFD2F7C43F 00000000002F0037  wxmsw313u_gcc_cb.dll!wxEvtHandler::ProcessEventIfMatchesId
000000006C260537 00000000088D5A40 00007FFFD2CF4083 000000000000010B  wxmsw313u_gcc_cb.dll!wxEventHashTable::HandleEvent
000000006C260B8D 0000000000000001 0000000000000000 000000000081F1F0  wxmsw313u_gcc_cb.dll!wxEvtHandler::TryHereOnly
000000006C260BFD 00000000088D5A40 000000000081F1F0 0000000000000074  wxmsw313u_gcc_cb.dll!wxEvtHandler::ProcessEventLocally
000000006C260CE1 000000000081F1F0 00000000088D5A40 000000000081F1F0  wxmsw313u_gcc_cb.dll!wxEvtHandler::ProcessEvent
000000006C26296B 0000000000000801 00007FFFCAD81178 0000000000000087  wxmsw313u_gcc_cb.dll!wxEvtHandler::SafelyProcessEvent
000000006C366379 0000000000000000 0000000002856FF0 0000000000000001  wxmsw313u_gcc_cb.dll!wxWindow::HandleChar
000000006C3708F9 0000000000000000 0000000080007811 000000000091E820  wxmsw313u_gcc_cb.dll!wxWindow::MSWHandleMessage
000000006C36042C 0000000000000048 0000000000000001 0000000000000001  wxmsw313u_gcc_cb.dll!wxWindow::MSWWindowProc
00007FFFD2CF5C7D 00000000013D0520 000000006C3681C0 0000000000030304  USER32.dll!UserCallWinProcCheckWow
00007FFFD2CF5672 000000006C3681C0 00000000013D0520 000000000081F9E0  USER32.dll!DispatchMessageWorker
00007FFFD2CF6E10 000000000081F9E0 0000000008845CF0 0000000008845CF0  USER32.dll!IsDialogMessageW
000000006C362D3B 0000000008845CF0 000000000081F9E0 00007FFFD2CF2E70  wxmsw313u_gcc_cb.dll!wxWindow::MSWSafeIsDialogMessage
000000006C362F89 00000000088D5A40 0000000000000001 0000000008836730  wxmsw313u_gcc_cb.dll!wxWindow::MSWProcessMessage
000000006C38F76A 0000000008B04C10 0000000000000000 0000000000003DFF  wxmsw313u_gcc_cb.dll!wxGUIEventLoop::PreProcessMessage
000000006C38F631 0000000000000000 000000006C10554F 0000000000000000  wxmsw313u_gcc_cb.dll!wxGUIEventLoop::ProcessMessage
000000006C38F441 0000000000030304 0000000000000102 0000000008A7C230  wxmsw313u_gcc_cb.dll!wxGUIEventLoop::Dispatch
000000006C1375A3 000000000081FC00 00007FFFD2499DA0 0000000008A7C230  wxmsw313u_gcc_cb.dll!wxEventLoopManual::ProcessEvents
000000006C137671 0000000002856FF0 0000000008A7C230 0000000000000018  wxmsw313u_gcc_cb.dll!wxEventLoopManual::DoRun
000000006C137309 000000000091B6A8 000000020091B738 0000000008AFD4C0  wxmsw313u_gcc_cb.dll!wxEventLoopBase::Run
000000006C107F1A 0000000000000000 00007FFFD2F82B72 0000000000000000  wxmsw313u_gcc_cb.dll!wxAppConsoleBase::MainLoop
0000000000405422 0000000002856FF0 000000006C26D6BB 0000000000912348  codeblocks.exe!0x5422
000000006C17FBD5 0000000000000018 0000000000000034 00000000028220A0  wxmsw313u_gcc_cb.dll!wxEntryReal
0000000000402291 0000000000400000 0000000000000000 00000000009135A3  codeblocks.exe!0x2291
00000000004013C7 0000000000000000 0000000000000000 0000000000000000  codeblocks.exe!0x13c7
00000000004014CB 0000000000000000 0000000000000000 0000000000000000  codeblocks.exe!0x14cb
00007FFFD10B7BD4 0000000000000000 0000000000000000 0000000000000000  KERNEL32.DLL!BaseThreadInitThunk
00007FFFD2FACE51 0000000000000000 0000000000000000 0000000000000000  ntdll.dll!RtlUserThreadStart

codeblocks.exe	20.3.0.0
ntdll.dll   	10.0.18362.815
KERNEL32.DLL	10.0.18362.959
KERNELBASE.dll	10.0.18362.997
msvcrt.dll  	7.0.18362.1
SHELL32.dll 	10.0.18362.997
COMCTL32.dll	6.10.18362.1016
ucrtbase.dll	10.0.18362.815
combase.dll 	10.0.18362.997
cfgmgr32.dll	10.0.18362.387
RPCRT4.dll  	10.0.18362.628
shcore.dll  	10.0.18362.959
bcryptPrimitives.dll	10.0.18362.836
windows.storage.dll	10.0.18362.997
GDI32.dll   	10.0.18362.1
msvcp_win.dll	10.0.18362.815
win32u.dll  	10.0.18362.1016
sechost.dll 	10.0.18362.959
gdi32full.dll	10.0.18362.1016
advapi32.dll	10.0.18362.752
USER32.dll  	10.0.18362.997
profapi.dll 	10.0.18362.693
powrprof.dll	10.0.18362.1
UMPDC.dll
shlwapi.dll 	10.0.18362.1
kernel.appcore.dll	10.0.18362.1
cryptsp.dll 	10.0.18362.1
SHFOLDER.dll	10.0.18362.1
libgcc_s_seh-1.dll
exchndl.dll 	0.9.1.0
PSAPI.DLL   	10.0.18362.1
libstdc++-6.dll
codeblocks.dll
VERSION.dll 	10.0.18362.1
mgwhelp.dll 	0.9.1.0
libwinpthread-1.dll	1.0.0.0
dbghelp.dll 	10.0.17134.12
dbgcore.DLL 	10.0.17134.12
wxmsw313u_gcc_cb.dll	3.1.3.0
comdlg32.dll	10.0.18362.900
ole32.dll   	10.0.18362.693
OLEAUT32.dll	10.0.18362.959
OLEACC.dll  	7.2.18362.1
UxTheme.dll 	10.0.18362.449
WINMM.dll   	10.0.18362.1
WINSPOOL.DRV	10.0.18362.693
bcrypt.dll  	10.0.18362.267
WSOCK32.dll 	10.0.18362.1
WS2_32.dll  	10.0.18362.387
WINMMBASE.dll	10.0.18362.1
PROPSYS.dll 	7.0.18362.815
IPHLPAPI.DLL	10.0.18362.1
IMM32.DLL   	10.0.18362.387
rsaenh.dll  	10.0.18362.1
CRYPTBASE.dll	10.0.18362.1
MSCTF.dll   	10.0.18362.900
SspiCli.dll 	10.0.18362.1
TextInputFramework.dll	10.0.18362.693
CoreMessaging.dll	10.0.18362.836
CoreUIComponents.dll	10.0.18362.207
ntmarta.dll 	10.0.18362.1
wintypes.dll	10.0.18362.997
iertutil.dll	11.0.18362.815
clbcatq.dll 	2001.12.10941.16384
dataexchange.dll	10.0.18362.836
d3d11.dll   	10.0.18362.387
dcomp.dll   	10.0.18362.959
dxgi.dll    	10.0.18362.815
dxcore.dll  	10.0.18362.1
twinapi.appcore.dll	10.0.18362.959
RMCLIENT.dll	10.0.18362.267
WindowsCodecs.dll	10.0.18362.959
msftedit.DLL	10.0.18362.329
Windows.Globalization.dll	10.0.18362.959
Bcp47Langs.dll	10.0.18362.997
bcp47mrm.dll	10.0.18362.997
globinputhost.dll	10.0.18362.997
abbreviations.dll
astyle.dll
autosave.dll
AutoVersioning.dll
BrowseTracker.dll
byogames.dll
cb_koders.dll
Cccc.dll
classwizard.dll
codecompletion.dll
codesnippets.dll
codestat.dll
compiler.dll
copystrings.dll
CppCheck.dll
Cscope.dll
debugger.dll
defaultmimehandler.dll
devpakupdater.dll
DoxyBlocks.dll	1.7.663.8397
DragScroll.dll
EditorConfig.dll
EditorTweaks.dll
envvars.dll
Exporter.dll
FileManager.dll
FortranProject.dll
headerfixup.dll
help_plugin.dll
HHCTRL.OCX  	10.0.18362.1
HexEditor.dll
IncrementalSearch.dll
keybinder.dll
lib_finder.dll
wxflatnotebook.dll
MouseSap.dll
NassiShneiderman.dll
OccurrencesHighlighting.dll
openfileslist.dll
Profiler.dll
ProjectOptionsManipulator.dll
projectsimporter.dll
RegExTestbed.dll
ReopenEditor.dll
rndgen.dll
scriptedwizard.dll
SmartIndentCpp.dll
SmartIndentFortran.dll
SmartIndentHDL.dll
SmartIndentLua.dll
SmartIndentPascal.dll
SmartIndentPython.dll
SmartIndentXML.dll
SpellChecker.dll
SymTab.dll
ThreadSearch.dll
wxcustombutton.dll
todo.dll
ToolsPlus.dll
wxsmith.dll
wxsmithlib.dll
wxSmithAui.dll
wxSmithContribItems.dll
wxdatetimepicker.dll
wxchartctrl.dll
wxkwic.dll
wxmathplot.dll
wxled.dll
wxspeedbutton.dll
wximagepanel.dll
xpmanifest.dll
msimg32.dll 	10.0.18362.1016
edputil.dll 	10.0.18362.1
gdiplus.dll 	10.0.18362.1016
DWrite.dll  	10.0.18362.1016
Windows.UI.dll	10.0.18362.959
InputHost.dll	10.0.18362.959
DUser.dll   	10.0.18362.1
atlthunk.dll	10.0.18362.900
symsrv.dll  	10.0.17134.12
CRYPT32.dll 	10.0.18362.592
MSASN1.dll  	10.0.18362.1
WININET.dll 	11.0.18362.753
ondemandconnroutehelper.dll	10.0.18362.1
winhttp.dll 	10.0.18362.778
mswsock.dll 	10.0.18362.815
NSI.dll     	10.0.18362.449
WINNSI.DLL  	10.0.18362.449
urlmon.dll  	11.0.18362.815
DNSAPI.dll  	10.0.18362.1016
rasadhlp.dll	10.0.18362.1
fwpuclnt.dll	10.0.18362.207
schannel.DLL	10.0.18362.997
mskeyprotect.dll	10.0.18362.1
ncrypt.dll  	10.0.18362.1
NTASN1.dll  	10.0.18362.1
DPAPI.DLL   	10.0.18362.1
WINTRUST.dll	10.0.18362.387
cryptnet.dll	10.0.18362.1
ncryptsslp.dll	10.0.18362.1

Windows 10.0.18363
DrMingw 0.9.1

-------------------

Error occurred on Tuesday, September 15, 2020 at 22:53:56.

codeblocks.exe caused a Breakpoint at location 000000006C56C994 in module wxmsw313u_gcc_cb.dll.

AddrPC           Params
000000006C56C994 000000000D682030 000000006FD0531C 0000000000000060  wxmsw313u_gcc_cb.dll!wxBoxSizer::DoInsert
000000006718A454 000000000D681FF0 000000000D7EF630 000000000081BE60  cb_koders.dll!0xa454
000000006718A553 000000000D681FF0 000000000D682E90 0000000000000000  cb_koders.dll!0xa553
000000006718439D 0000000008948D60 00000000032E2F50 00000000FFFFFFFF  cb_koders.dll!0x439d
0000000067181EFA 0000000006A8A8B0 0000000008FCA3F5 000000000081D7A0  cb_koders.dll!0x1efa
00000000671820DA 0000000006A8A8B0 000000000081DB20 0000000000000000  cb_koders.dll!0x20da
000000006C103194 0000000000A30000 0000000000000000 0000000000000000  wxmsw313u_gcc_cb.dll!wxAppConsoleBase::CallEventHandler
000000006C260372 0000000006B6D900 00000000032E2F50 00000000004DBC28  wxmsw313u_gcc_cb.dll!wxEvtHandler::ProcessEventIfMatchesId
000000006C260537 0000000006A8A8B0 00000000028CAA60 000000000081D980  wxmsw313u_gcc_cb.dll!wxEventHashTable::HandleEvent
000000006C260B8D 00000000000205FC 0000000000000000 0000000000000000  wxmsw313u_gcc_cb.dll!wxEvtHandler::TryHereOnly
000000006C260613 00000000032FD160 000000000081DB20 0000000000000000  wxmsw313u_gcc_cb.dll!wxEvtHandler::DoTryChain
000000006C260CE1 000000000322F040 000000000081DB20 00000000FFFFFFFF  wxmsw313u_gcc_cb.dll!wxEvtHandler::ProcessEvent
000000006C5A7D88 000000000322F040 000000006C26296B 0000000000000020  wxmsw313u_gcc_cb.dll!wxWindowBase::TryAfter
000000006C5A7D88 000000000081DB20 000000006CF5DC40 000000000D2020F0  wxmsw313u_gcc_cb.dll!wxWindowBase::TryAfter
000000006C26296B 000000000322F040 000000006C5A4DD5 00000000032E2F50  wxmsw313u_gcc_cb.dll!wxEvtHandler::SafelyProcessEvent
000000006C54C88A 000000000D2020F0 000000000000011F 000000000322F040  wxmsw313u_gcc_cb.dll!wxMenuBase::SendEvent
000000006C3ED042 0000000002B16A90 00007FFB3502429D 0000000002B10000  wxmsw313u_gcc_cb.dll!wxMenu::MSWCommand
000000006C3655CA 0000000000000000 00007FFB35024083 0000000000000001  wxmsw313u_gcc_cb.dll!wxWindow::HandleCommand
000000006C370158 0000000000000000 0000000000000000 000000000081E0F8  wxmsw313u_gcc_cb.dll!wxWindow::MSWHandleMessage
000000006C36042C 0000000000000000 00007FFB350320D3 0000000000000001  wxmsw313u_gcc_cb.dll!wxWindow::MSWWindowProc
00007FFB35025C7D 00000000014F55C0 000000006C3681C0 00000000000205FC  USER32.dll!UserCallWinProcCheckWow
00007FFB35025672 000000006C3681C0 000000000081E270 00007FFB35025480  USER32.dll!DispatchMessageWorker
000000006C362285 00000102000000E6 000000000081E330 000000000081E334  wxmsw313u_gcc_cb.dll!wxWindow::DoPopupMenu
000000006C5A4430 0000000000000102 000000000D7EF550 000000E600000102  wxmsw313u_gcc_cb.dll!wxWindowBase::PopupMenu
0000000070C121EB 000000000322F040 000000000D2020F0 000000000081E3B8  codeblocks.dll!wxWindowBase::PopupMenu
00000000709C0EAE 000000000322F040 000000000081EB5C 0000000000000002  codeblocks.dll!EditorBase::DisplayContextMenu
0000000070977A16 000000000881C5F0 000000000081EEA0 0000000000000000  codeblocks.dll!cbStyledTextCtrl::OnContextMenu
000000006C103194 0000000000000014 0000000000000000 0000000000000000  wxmsw313u_gcc_cb.dll!wxAppConsoleBase::CallEventHandler
000000006C260372 0000000000940000 00007FFB352FB997 0000000000820000  wxmsw313u_gcc_cb.dll!wxEvtHandler::ProcessEventIfMatchesId
000000006C260537 000000000881C5F0 0000000000000000 000000000D81CBF0  wxmsw313u_gcc_cb.dll!wxEventHashTable::HandleEvent
000000006C260B8D 0000000000010000 00007FFB34FBD718 0000001100000078  wxmsw313u_gcc_cb.dll!wxEvtHandler::TryHereOnly
000000006C260BFD 000000006D1530E0 000000000081F1D0 000000000D81D2D0  wxmsw313u_gcc_cb.dll!wxEvtHandler::ProcessEventLocally
000000006C260CE1 0000000000000000 000000000881C5F0 000000006D1530E0  wxmsw313u_gcc_cb.dll!wxEvtHandler::ProcessEvent
000000006C26296B 0000000000000002 0000000000940000 000000000081EE30  wxmsw313u_gcc_cb.dll!wxEvtHandler::SafelyProcessEvent
000000006C36FB4E 0000000000000006 000000006C260804 000000000872B1E0  wxmsw313u_gcc_cb.dll!wxWindow::MSWHandleMessage
000000006C36042C 00000000001500FA 0000000000000000 0000000000000001  wxmsw313u_gcc_cb.dll!wxWindow::MSWWindowProc
00007FFB35025C7D 00000000014C6BD0 000000006C3681C0 00000000001500FA  USER32.dll!UserCallWinProcCheckWow
00007FFB3502528C 0000000000000000 0000000001D60100 00000000001500FA  USER32.dll!SendMessageWorker
00007FFB3504BDED 0000000000000005 00007FFB352E4F93 0000000000000035  USER32.dll!RealDefWindowProcWorker
00007FFB35024083 000000000881C5F0 0000000000000205 0000000000000000  USER32.dll!DefWindowProcW
000000006C3662C9 0000000000000000 00000000000005AC 0000000000000000  wxmsw313u_gcc_cb.dll!wxWindow::MSWDefWindowProc
000000006C360454 0000000000000001 000000000081F728 0000000000000001  wxmsw313u_gcc_cb.dll!wxWindow::MSWWindowProc
00007FFB35025C7D 00000000014C6BD0 000000006C3681C0 00000000001500FA  USER32.dll!UserCallWinProcCheckWow
00007FFB35025672 000000006C3681C0 00000000014C6BD0 000000000081F9E0  USER32.dll!DispatchMessageWorker
00007FFB35026E10 000000000081F9E0 000000000322F040 000000000322F040  USER32.dll!IsDialogMessageW
000000006C362D3B 000000000322F040 000000000081F9E0 00007FFB35022E70  wxmsw313u_gcc_cb.dll!wxWindow::MSWSafeIsDialogMessage
000000006C362F89 000000000881C5F0 0000000000000001 00000000085FE2F0  wxmsw313u_gcc_cb.dll!wxWindow::MSWProcessMessage
000000006C38F76A 00000000088B6310 0000000000000000 0000000000003DFF  wxmsw313u_gcc_cb.dll!wxGUIEventLoop::PreProcessMessage
000000006C38F631 0000000000000000 000000006C10554F 0000000000000000  wxmsw313u_gcc_cb.dll!wxGUIEventLoop::ProcessMessage
000000006C38F441 00000000001500FA 0000000000000205 0000000008A26F10  wxmsw313u_gcc_cb.dll!wxGUIEventLoop::Dispatch
000000006C1375A3 000000000081FC00 00007FFB34F89DA0 0000000008A26F10  wxmsw313u_gcc_cb.dll!wxEventLoopManual::ProcessEvents
000000006C137671 00000000028EDE10 0000000008A26F10 0000000000000018  wxmsw313u_gcc_cb.dll!wxEventLoopManual::DoRun
000000006C137309 00000000009FB818 00000002009FB8A8 0000000008733100  wxmsw313u_gcc_cb.dll!wxEventLoopBase::Run
000000006C107F1A 0000000000000000 00007FFB35302B72 0000000000000000  wxmsw313u_gcc_cb.dll!wxAppConsoleBase::MainLoop
0000000000405422 00000000028EDE10 000000006C26D6BB 00000000009F2448  codeblocks.exe!0x5422
000000006C17FBD5 0000000000000018 0000000000000034 00000000029012B0  wxmsw313u_gcc_cb.dll!wxEntryReal
0000000000402291 0000000000400000 0000000000000000 00000000009F36A3  codeblocks.exe!0x2291
00000000004013C7 0000000000000000 0000000000000000 0000000000000000  codeblocks.exe!0x13c7
-------------------

Error occurred on Saturday, October 3, 2020 at 00:32:28.

codeblocks.exe caused an Access Violation at location 0000000000000000 DEP violation at location 0000000000000000.

AddrPC           Params
0000000000000000 0000000000000001 0000000000000001 0000000000000001
00007FFCE0255C7D 00000000C0000388 000000006C3681C0 0000000000010318  USER32.dll!UserCallWinProcCheckWow
00007FFCE025584C 0000000000000000 0000000000000000 0000000000000001  USER32.dll!DispatchClientMessage
00007FFCE0261FE3 0000000000819E38 0000001600000050 00007FFCDF9F1524  USER32.dll!__fnDWORD
00007FFCE1D3FDE4 00007FFCCE3B38FB 0000A30BDAC03765 0000000009D80B00  ntdll.dll!KiUserCallbackDispatcher
00007FFCDF9F1524 0000A30BDAC03765 0000000009D80B00 0000000000000000  win32u.dll!NtUserSetWindowPos
00007FFCCE3B38FB 000000AA000002B7 0000000000819F79 000000004201132D  COMCTL32.dll!TaskDialogIndirect
00007FFCCE3B3690 00000000009BDF30 00000000009BDF30 0000000000000001  COMCTL32.dll!TaskDialogIndirect
00007FFCCE3B3174 00000000000205B2 00000000000205B2 00000000009BDDE0  COMCTL32.dll!TaskDialogIndirect
00007FFCCE3B2AB6 0000000000000000 00000000009BDDE0 0000000000000110  COMCTL32.dll!TaskDialogIndirect
00007FFCCE3B28FA 0000000000000001 000000000081A4C8 0000000000000000  COMCTL32.dll!TaskDialogIndirect
00007FFCE0258094 0000000000000000 00007FFCCE3B28B0 0000000000000110  USER32.dll!UserCallDlgProcCheckWow
00007FFCE02577F2 00000000009BDDE0 000000000081A740 0000000000000110  USER32.dll!DefDlgProcWorker
00007FFCE02576FF 0000000000000001 0000000000000000 0000000000000001  USER32.dll!DefDlgProcW
00007FFCE0255C7D 00000000014588D0 00007FFCE1D3BE00 00000000000205B2  USER32.dll!UserCallWinProcCheckWow
00007FFCE025528C 0000000040000000 00007FFCCE3B2800 00000000000205B2  USER32.dll!SendMessageWorker
00007FFCE0246A9F 0000000000A2B010 0000000000000000 00000000000005AC  USER32.dll!InternalCreateDialog
00007FFCE026BD55 0000000000A2B010 00000000000305AC 00007FFCCE3B28B0  USER32.dll!InternalDialogBox
00007FFCE026BC32 00007FFCCE3B28B0 00007FFCCE3B0000 0000000000A2B010  USER32.dll!DialogBoxIndirectParamAorW
00007FFCE026BBC8 000000000081AC30 00007FFCCE3B24F3 0000000000000000  USER32.dll!DialogBoxIndirectParamW
00007FFCCE3B288A 1000895400000064 0000000000000000 0000000000000000  COMCTL32.dll!TaskDialogIndirect
00007FFCCE3B2812 00000000009BDDE0 000000000081B040 000000000081AC30  COMCTL32.dll!TaskDialogIndirect
000000006C426F02 0000014000000050 0000000000000000 0000000000000000  wxmsw313u_gcc_cb.dll!wxRichMessageDialog::ShowModal
000000006C4801C5 000000000285D0B0 000000000081B710 000000000D298E30  wxmsw313u_gcc_cb.dll!wxGUIAppTraitsBase::ShowAssertDialog
000000006C105F8E 00007FFCE11CF0A0 00007FFCE11D06D0 0000000000000000  wxmsw313u_gcc_cb.dll!ShowAssertDialog
000000006C1082F9 0000000008AD05C0 00007FFCE1CDFB91 0000000008BACFC0  wxmsw313u_gcc_cb.dll!wxAppConsoleBase::OnAssertFailure
000000006C1085C9 000000000081BAF0 000000000081C090 00000000033D11E0  wxmsw313u_gcc_cb.dll!wxDefaultAssertHandler
000000006C1078EE 0000000008489D70 00000000000001DB 000000006D153100  wxmsw313u_gcc_cb.dll!wxOnAssert
000000006C5A39BF 00000000033E0120 0000031300000000 000000006D153100  wxmsw313u_gcc_cb.dll!wxWindowBase::~wxWindowBase
000000006C3689A9 0000000000000000 000000006D184760 000000000081BDD0  wxmsw313u_gcc_cb.dll!wxWindow::~wxWindow
000000006C32379A 000000000320A318 000000006D17F980 0000000000000000  wxmsw313u_gcc_cb.dll!wxNonOwnedWindow::~wxNonOwnedWindow
000000000045FA2A 0000000003209D80 000000000081BE50 0000000000000000  codeblocks.exe!0x5fa2a
000000000045FA47 0000000003209D80 00007FFCE1CC4E77 0000000000000080  codeblocks.exe!0x5fa47
000000006C47F67A 0000000000000001 00007FFCE1CC4F93 0000000003209D80  wxmsw313u_gcc_cb.dll!wxAppBase::DeleteAllTLWs
000000006C29621E 00000000FFFF846E 0000000000000000 0000000000000000  wxmsw313u_gcc_cb.dll!wxApp::OnEndSession
000000006C103194 0000000003209D80 00000000000028A3 00000000FFFF846E  wxmsw313u_gcc_cb.dll!wxAppConsoleBase::CallEventHandler
000000006C260372 0000000000000016 0000000000000001 0000000000000000  wxmsw313u_gcc_cb.dll!wxEvtHandler::ProcessEventIfMatchesId
000000006C260537 000000000285DDC0 0000000000000001 0000000000000016  wxmsw313u_gcc_cb.dll!wxEventHashTable::HandleEvent
000000006C260B8D 000000000081C0B8 00007FFCE0254083 0000000000000000  wxmsw313u_gcc_cb.dll!wxEvtHandler::TryHereOnly
000000006C260BFD 00007FFC00000001 0000000000000000 0000000000000001  wxmsw313u_gcc_cb.dll!wxEvtHandler::ProcessEventLocally
000000006C260CE1 0000000000000001 0000000000000001 0000000000000000  wxmsw313u_gcc_cb.dll!wxEvtHandler::ProcessEvent
000000006C36365F 000065C209A9CEA1 0000000300000004 0000000000000001  wxmsw313u_gcc_cb.dll!wxWindow::HandleEndSession
000000006C36F291 0000000000000000 0000000000A324B0 0000DBDA68AA197B  wxmsw313u_gcc_cb.dll!wxWindow::MSWHandleMessage
000000006C36042C 0000000000000001 0000000000000001 0000000000000016  wxmsw313u_gcc_cb.dll!wxWindow::MSWWindowProc
000000006C3582CC 000000000081D2D0 0000000000000001 000000000081C851  wxmsw313u_gcc_cb.dll!wxTopLevelWindowMSW::MSWWindowProc
000000006C3CF720 0000000000000001 0000000000000001 0000000000000001  wxmsw313u_gcc_cb.dll!wxFrame::MSWWindowProc
00007FFCE0255C7D 00000000C0000388 000000006C3681C0 0000000000010318  USER32.dll!UserCallWinProcCheckWow
00007FFCE025584C 0000000000000000 0000000000000000 0000000000000001  USER32.dll!DispatchClientMessage
00007FFCE0261FE3 0000000001437CA0 0000000001437CA0 0000000000000001  USER32.dll!__fnDWORD
00007FFCE1D3FDE4 00007FFCE02543DA 0000DBDA68AA1CFB 00007FFCE1CE07BD  ntdll.dll!KiUserCallbackDispatcher
00007FFCDF9F1184 0000DBDA68AA1CFB 00007FFCE1CE07BD 000000000000004A  win32u.dll!NtUserMessageCall
00007FFCE02543DA 0000000000000000 0000000000000000 0000000003462340  USER32.dll!RealDefWindowProcWorker
00007FFCE0254083 000000000000003B 000000000000050D 0000000000000000  USER32.dll!DefWindowProcW
00007FFCCE42006E 0000000000000001 000000000000003B 0000000000010364  COMCTL32.dll!Ordinal395
00007FFCCE41FD8B 0000000000000001 0000000000000001 0000000000000000  COMCTL32.dll!Ordinal395
00007FFCE0255C7D 00000000C0000388 00007FFCCE41FD30 0000000000010364  USER32.dll!UserCallWinProcCheckWow
00007FFCE025584C 000000000141F320 000000000081D070 000000000000050D  USER32.dll!DispatchClientMessage
00007FFCE0261FE3 000000000081D090 000000000340D4D0 0000000000000001  USER32.dll!__fnDWORD
00007FFCE1D3FDE4 00007FFCE0259552 000000000081CE30 000000006C103194  ntdll.dll!KiUserCallbackDispatcher
00007FFCDF9F10C4 000000000081CE30 000000006C103194 0000000000000000  win32u.dll!NtUserPeekMessage
00007FFCE0259552 0000000000000000 000000000141F320 0000000000000001  USER32.dll!_PeekMessage
00007FFCE02594B9 0000000000000001 000000000081D070 000000000CBC82C0  USER32.dll!PeekMessageW
000000006C219D4C 000000000D108F30 0000000000000000 000000000081D090  wxmsw313u_gcc_cb.dll!wxMSWEventLoopBase::GetNextMessageTimeout
000000006C21A2FF 0000000000000000 000000006C10554F 000000000D1710E0  wxmsw313u_gcc_cb.dll!wxMSWEventLoopBase::GetNextMessage
000000006C38F39A 0000000000000000 0000000000010000 000000000CBC82A0  wxmsw313u_gcc_cb.dll!wxGUIEventLoop::Dispatch
000000006C1375A3 0000000040000000 0000000000002800 000000000CBC82A0  wxmsw313u_gcc_cb.dll!wxEventLoopManual::ProcessEvents
000000006C137671 000000000285DDC0 000000000CBC82A0 0000000000000001  wxmsw313u_gcc_cb.dll!wxEventLoopManual::DoRun
000000006C137309 000000000081D2D0 0000000000000000 000000000DD283C0  wxmsw313u_gcc_cb.dll!wxEventLoopBase::Run
000000006C3BB221 000000000081D2D0 0000000000000001 0000000000000000  wxmsw313u_gcc_cb.dll!wxDialog::ShowModal
0000000070943E34 000000000081D2D0 000000000D170CA8 000000000081D880  codeblocks.dll!AnnoyingDialog::ShowModal
000000000046AB77 0000000003209D80 000000000285DD00 000000000081DAC0  codeblocks.exe!0x6ab77
0000000000468512 0000000003209D80 000000000081E0C0 0000000000000000  codeblocks.exe!0x68512
000000000047406B 0000000003209D80 000000000081E830 0000000000000000  codeblocks.exe!0x7406b
000000006C103194 0000000000000000 0000000000000000 0000000000000000  wxmsw313u_gcc_cb.dll!wxAppConsoleBase::CallEventHandler
000000006C260372 0000000000000000 000000000081E860 000000000285DDC0  wxmsw313u_gcc_cb.dll!wxEvtHandler::ProcessEventIfMatchesId
000000006C260537 0000000003209D80 00007FFCCE3B8BB8 000000008A885D04  wxmsw313u_gcc_cb.dll!wxEventHashTable::HandleEvent
000000006C260B8D 000000000081E830 0000000000000C33 0000000000000000  wxmsw313u_gcc_cb.dll!wxEvtHandler::TryHereOnly
000000006C260613 0000000000000000 0000000000000000 0000000000000080  wxmsw313u_gcc_cb.dll!wxEvtHandler::DoTryChain
000000006C260CE1 0000000000000000 0000000000000000 0000000000000000  wxmsw313u_gcc_cb.dll!wxEvtHandler::ProcessEvent
000000006C26296B 000000000081E830 000000000081E818 000000000081E818  wxmsw313u_gcc_cb.dll!wxEvtHandler::SafelyProcessEvent
000000006C5A0E2C 00007FFCE17627C8 0000000000000001 000000000081E860  wxmsw313u_gcc_cb.dll!wxWindowBase::Close
000000006C2963A8 0000000000000000 000000000081F720 000000000081F750  wxmsw313u_gcc_cb.dll!wxApp::OnQueryEndSession
000000006C103194 0000000008AE13C0 00007FFCE024BE16 0000000000000000  wxmsw313u_gcc_cb.dll!wxAppConsoleBase::CallEventHandler
000000006C260372 0000000000000000 0000007820000000 0000000008AE13C0  wxmsw313u_gcc_cb.dll!wxEvtHandler::ProcessEventIfMatchesId
000000006C260537 000000000285DDC0 000000000081EA60 00000000008DA3EC  wxmsw313u_gcc_cb.dll!wxEventHashTable::HandleEvent
000000006C260B8D 0000000000000000 0000000000000000 000000000081EF50  wxmsw313u_gcc_cb.dll!wxEvtHandler::TryHereOnly
000000006C260BFD 0000000000000000 0000000300000004 0000000000000000  wxmsw313u_gcc_cb.dll!wxEvtHandler::ProcessEventLocally
000000006C260CE1 0000000000000000 0000000000000000 0000000000000000  wxmsw313u_gcc_cb.dll!wxEvtHandler::ProcessEvent
000000006C363585 0000DBDA68AA317B 0000000000820000 00000000008202A8  wxmsw313u_gcc_cb.dll!wxWindow::HandleQueryEndSession
000000006C36FDF1 0000000000000011 0000000000010364 0000000000000011  wxmsw313u_gcc_cb.dll!wxWindow::MSWHandleMessage
000000006C36042C 0000000000000001 0000000000000001 0000000000000001  wxmsw313u_gcc_cb.dll!wxWindow::MSWWindowProc
00007FFCE0255C7D 00000000C0000388 000000006C3681C0 000000000001056A  USER32.dll!UserCallWinProcCheckWow
00007FFCE025584C 0000000001424E00 0000000000000000 0000000000000000  USER32.dll!DispatchClientMessage
00007FFCE0261FE3 0000000001437CA0 0000000001437CA0 0000000000000001  USER32.dll!__fnDWORD
00007FFCE1D3FDE4 00007FFCE02543DA 0000DBDA68AA2B6B 00007FFCE1CE07BD  ntdll.dll!KiUserCallbackDispatcher
00007FFCDF9F1184 0000DBDA68AA2B6B 00007FFCE1CE07BD 000000000000004A  win32u.dll!NtUserMessageCall
00007FFCE02543DA 0000000000000000 0000000000000000 00000000089D0CC0  USER32.dll!RealDefWindowProcWorker
00007FFCE0254083 000000000000003B 000000000000050F 0000000000000000  USER32.dll!DefWindowProcW
00007FFCCE42006E 0000000000000001 000000000000003B 0000000000010364  COMCTL32.dll!Ordinal395
00007FFCCE41FD8B 0000000000000001 0000000000000001 0000000000000000  COMCTL32.dll!Ordinal395
00007FFCE0255C7D 0000000000000388 00007FFCCE41FD30 0000000000010364  USER32.dll!UserCallWinProcCheckWow
00007FFCE025584C 000000000141F320 000000000081F9E0 000000000000050F  USER32.dll!DispatchClientMessage
00007FFCE0261FE3 000000000081FA00 000000000340D4D0 0000000000000001  USER32.dll!__fnDWORD
00007FFCE1D3FDE4 00007FFCE0259552 000000000081F7A0 000000006C103194  ntdll.dll!KiUserCallbackDispatcher
00007FFCDF9F10C4 000000000081F7A0 000000006C103194 0000000000000000  win32u.dll!NtUserPeekMessage
00007FFCE0259552 0000000000000000 000000000141F320 0000000000000001  USER32.dll!_PeekMessage
00007FFCE02594B9 0000000000000001 000000000081F9E0 0000000008B32FD0  USER32.dll!PeekMessageW
000000006C219D4C 0000000008AD0A40 0000000000000000 000000000081FA00  wxmsw313u_gcc_cb.dll!wxMSWEventLoopBase::GetNextMessageTimeout
000000006C21A2FF 0000000000000000 000000006C10554F 0000000008AD05C0  wxmsw313u_gcc_cb.dll!wxMSWEventLoopBase::GetNextMessage
000000006C38F39A 0000000000000000 0000000000010000 0000000008B32FB0  wxmsw313u_gcc_cb.dll!wxGUIEventLoop::Dispatch
000000006C1375A3 000000000081FC00 00007FFCE1159DA0 0000000008B32FB0  wxmsw313u_gcc_cb.dll!wxEventLoopManual::ProcessEvents
000000006C137671 000000000285DDC0 0000000008B32FB0 0000000000000018  wxmsw313u_gcc_cb.dll!wxEventLoopManual::DoRun
000000006C137309 0000000000968BE8 0000000200968C78 0000000008766A70  wxmsw313u_gcc_cb.dll!wxEventLoopBase::Run
000000006C107F1A 0000000000000000 00007FFCE1CE2B72 0000000000000000  wxmsw313u_gcc_cb.dll!wxAppConsoleBase::MainLoop
0000000000405422 000000000285DDC0 000000006C26D6BB 0000000000962388  codeblocks.exe!0x5422
000000006C17FBD5 0000000000000018 0000000000000034 0000000002871AD0  wxmsw313u_gcc_cb.dll!wxEntryReal
0000000000402291 0000000000400000 0000000000000000 00000000009635E3  codeblocks.exe!0x2291
00000000004013C7 0000000000000000 0000000000000000 0000000000000000  codeblocks.exe!0x13c7
00000000004014CB 0000000000000000 0000000000000000 0000000000000000  codeblocks.exe!0x14cb
00007FFCE0187BD4 0000000000000000 0000000000000000 0000000000000000  KERNEL32.DLL!BaseThreadInitThunk
00007FFCE1D0CE51 0000000000000000 0000000000000000 0000000000000000  ntdll.dll!RtlUserThreadStart

codeblocks.exe	20.3.0.0
ntdll.dll   	10.0.18362.1049
KERNEL32.DLL	10.0.18362.1082
KERNELBASE.dll	10.0.18362.1049
msvcrt.dll  	7.0.18362.1
SHELL32.dll 	10.0.18362.1049
COMCTL32.dll	6.10.18362.1082
ucrtbase.dll	10.0.18362.815
combase.dll 	10.0.18362.1082
cfgmgr32.dll	10.0.18362.387
shcore.dll  	10.0.18362.959
RPCRT4.dll  	10.0.18362.1082
windows.storage.dll	10.0.18362.1082
msvcp_win.dll	10.0.18362.815
bcryptPrimitives.dll	10.0.18362.836
sechost.dll 	10.0.18362.959
advapi32.dll	10.0.18362.752
GDI32.dll   	10.0.18362.1
profapi.dll 	10.0.18362.693
powrprof.dll	10.0.18362.1
win32u.dll  	10.0.18362.1082
UMPDC.dll
gdi32full.dll	10.0.18362.1082
shlwapi.dll 	10.0.18362.1
USER32.dll  	10.0.18362.997
kernel.appcore.dll	10.0.18362.1
cryptsp.dll 	10.0.18362.1
SHFOLDER.dll	10.0.18362.1
libgcc_s_seh-1.dll
libstdc++-6.dll
exchndl.dll 	0.9.1.0
PSAPI.DLL   	10.0.18362.1
libwinpthread-1.dll	1.0.0.0
VERSION.dll 	10.0.18362.1
mgwhelp.dll 	0.9.1.0
wxmsw313u_gcc_cb.dll	3.1.3.0
comdlg32.dll	10.0.18362.900
ole32.dll   	10.0.18362.1082
OLEAUT32.dll	10.0.18362.959
OLEACC.dll  	7.2.18362.1
UxTheme.dll 	10.0.18362.449
WINMM.dll   	10.0.18362.1
WINSPOOL.DRV	10.0.18362.693
bcrypt.dll  	10.0.18362.267
WSOCK32.dll 	10.0.18362.1
WS2_32.dll  	10.0.18362.387
WINMMBASE.dll	10.0.18362.1
IPHLPAPI.DLL	10.0.18362.1
PROPSYS.dll 	7.0.18362.815
codeblocks.dll
dbghelp.dll 	10.0.17134.12
dbgcore.DLL 	10.0.17134.12
IMM32.DLL   	10.0.18362.387
rsaenh.dll  	10.0.18362.1
CRYPTBASE.dll	10.0.18362.1
MSCTF.dll   	10.0.18362.1082
SspiCli.dll 	10.0.18362.1049
TextInputFramework.dll	10.0.18362.693
CoreUIComponents.dll	10.0.18362.207
CoreMessaging.dll	10.0.18362.1049
ntmarta.dll 	10.0.18362.1
wintypes.dll	10.0.18362.1082
iertutil.dll	11.0.18362.1049
clbcatq.dll 	2001.12.10941.16384
dataexchange.dll	10.0.18362.836
d3d11.dll   	10.0.18362.387
dcomp.dll   	10.0.18362.959
dxgi.dll    	10.0.18362.1049
dxcore.dll  	10.0.18362.1
twinapi.appcore.dll	10.0.18362.959
RMCLIENT.dll	10.0.18362.267
WindowsCodecs.dll	10.0.18362.959
msftedit.DLL	10.0.18362.329
Windows.Globalization.dll	10.0.18362.959
bcp47mrm.dll	10.0.18362.997
Bcp47Langs.dll	10.0.18362.997
globinputhost.dll	10.0.18362.997
abbreviations.dll
astyle.dll
autosave.dll
AutoVersioning.dll
BrowseTracker.dll
byogames.dll
cb_koders.dll
Cccc.dll
classwizard.dll
codecompletion.dll
codesnippets.dll
codestat.dll
compiler.dll
copystrings.dll
CppCheck.dll
Cscope.dll
debugger.dll
defaultmimehandler.dll
devpakupdater.dll
DoxyBlocks.dll	1.7.663.8397
DragScroll.dll
EditorConfig.dll
EditorTweaks.dll
envvars.dll
Exporter.dll
FileManager.dll
FortranProject.dll
headerfixup.dll
help_plugin.dll
HHCTRL.OCX  	10.0.18362.1
HexEditor.dll
IncrementalSearch.dll
keybinder.dll
lib_finder.dll
wxflatnotebook.dll
MouseSap.dll
NassiShneiderman.dll
OccurrencesHighlighting.dll
openfileslist.dll
Profiler.dll
ProjectOptionsManipulator.dll
projectsimporter.dll
RegExTestbed.dll
ReopenEditor.dll
rndgen.dll
scriptedwizard.dll
SmartIndentCpp.dll
SmartIndentFortran.dll
SmartIndentHDL.dll
SmartIndentLua.dll
SmartIndentPascal.dll
SmartIndentPython.dll
SmartIndentXML.dll
SpellChecker.dll
SymTab.dll
ThreadSearch.dll
wxcustombutton.dll
todo.dll
ToolsPlus.dll
wxsmith.dll
wxsmithlib.dll
wxSmithAui.dll
wxSmithContribItems.dll
wxdatetimepicker.dll
wxchartctrl.dll
wxkwic.dll
wxspeedbutton.dll
wxled.dll
wxmathplot.dll
wximagepanel.dll
xpmanifest.dll
msimg32.dll 	10.0.18362.1082
edputil.dll 	10.0.18362.1
DUser.dll   	10.0.18362.1
xmllite.dll 	10.0.18362.295
atlthunk.dll	10.0.18362.900
symsrv.dll  	10.0.17134.12
CRYPT32.dll 	10.0.18362.592
MSASN1.dll  	10.0.18362.1
WININET.dll 	11.0.18362.1082
ondemandconnroutehelper.dll	10.0.18362.1
winhttp.dll 	10.0.18362.778
mswsock.dll 	10.0.18362.815
NSI.dll     	10.0.18362.449
WINNSI.DLL  	10.0.18362.449
dhcpcsvc6.DLL	10.0.18362.1082
dhcpcsvc.DLL	10.0.18362.1082
urlmon.dll  	11.0.18362.815
DNSAPI.dll  	10.0.18362.1082
rasadhlp.dll	10.0.18362.1
DPAPI.DLL   	10.0.18362.1

Windows 10.0.18363
DrMingw 0.9.1

